\BOOKMARK [1][-]{section.1}{\376\377\000I\000n\000t\000r\000o\000d\000u\000c\000t\000i\000o\000n}{}% 1
\BOOKMARK [2][-]{subsection.1.1}{\376\377\000P\000u\000r\000p\000o\000s\000e}{section.1}% 2
\BOOKMARK [2][-]{subsection.1.2}{\376\377\000S\000c\000o\000p\000e}{section.1}% 3
\BOOKMARK [2][-]{subsection.1.3}{\376\377\000D\000e\000f\000i\000n\000i\000t\000i\000o\000n\000s\000,\000\040\000A\000c\000r\000o\000n\000y\000m\000s\000,\000\040\000a\000n\000d\000\040\000A\000b\000b\000r\000e\000v\000i\000a\000t\000i\000o\000n\000s}{section.1}% 4
\BOOKMARK [2][-]{subsection.1.4}{\376\377\000R\000e\000f\000e\000r\000e\000n\000c\000e\000s}{section.1}% 5
\BOOKMARK [2][-]{subsection.1.5}{\376\377\000D\000o\000c\000u\000m\000e\000n\000t\000\040\000O\000v\000e\000r\000v\000i\000e\000w}{section.1}% 6
\BOOKMARK [1][-]{section.2}{\376\377\000A\000r\000c\000h\000i\000t\000e\000c\000t\000u\000r\000a\000l\000\040\000D\000e\000s\000i\000g\000n}{}% 7
\BOOKMARK [2][-]{subsection.2.1}{\376\377\000S\000y\000s\000t\000e\000m\000\040\000O\000v\000e\000r\000v\000i\000e\000w}{section.2}% 8
\BOOKMARK [2][-]{subsection.2.2}{\376\377\000C\000o\000m\000p\000o\000n\000e\000n\000t\000\040\000D\000e\000c\000o\000m\000p\000o\000s\000i\000t\000i\000o\000n}{section.2}% 9
\BOOKMARK [2][-]{subsection.2.3}{\376\377\000A\000r\000c\000h\000i\000t\000e\000c\000t\000u\000r\000a\000l\000\040\000P\000a\000t\000t\000e\000r\000n\000s}{section.2}% 10
\BOOKMARK [2][-]{subsection.2.4}{\376\377\000D\000e\000s\000i\000g\000n\000\040\000R\000a\000t\000i\000o\000n\000a\000l\000e}{section.2}% 11
\BOOKMARK [2][-]{subsection.2.5}{\376\377\000C\000o\000m\000p\000o\000n\000e\000n\000t\000\040\000D\000i\000a\000g\000r\000a\000m}{section.2}% 12
\BOOKMARK [1][-]{section.3}{\376\377\000D\000e\000t\000a\000i\000l\000e\000d\000\040\000C\000o\000m\000p\000o\000n\000e\000n\000t\000\040\000D\000e\000s\000i\000g\000n}{}% 13
\BOOKMARK [2][-]{subsection.3.1}{\376\377\000G\000r\000a\000p\000h\000\040\000M\000o\000d\000u\000l\000e}{section.3}% 14
\BOOKMARK [3][-]{subsubsection.3.1.1}{\376\377\000R\000e\000s\000p\000o\000n\000s\000i\000b\000i\000l\000i\000t\000i\000e\000s}{subsection.3.1}% 15
\BOOKMARK [3][-]{subsubsection.3.1.2}{\376\377\000C\000l\000a\000s\000s\000e\000s\000\040\000a\000n\000d\000\040\000I\000n\000t\000e\000r\000f\000a\000c\000e\000s}{subsection.3.1}% 16
\BOOKMARK [3][-]{lstlisting.1}{\376\377\000D\000e\000s\000i\000g\000n\000\040\000D\000e\000t\000a\000i\000l\000s}{subsection.3.1}% 17
\BOOKMARK [3][-]{subsubsection.3.1.4}{\376\377\000A\000l\000g\000o\000r\000i\000t\000h\000m\000s}{subsection.3.1}% 18
\BOOKMARK [2][-]{subsection.3.2}{\376\377\000S\000S\000A\000\040\000C\000o\000r\000e\000\040\000E\000n\000g\000i\000n\000e}{section.3}% 19
\BOOKMARK [3][-]{subsubsection.3.2.1}{\376\377\000R\000e\000s\000p\000o\000n\000s\000i\000b\000i\000l\000i\000t\000i\000e\000s}{subsection.3.2}% 20
\BOOKMARK [3][-]{subsubsection.3.2.2}{\376\377\000C\000l\000a\000s\000s\000e\000s\000\040\000a\000n\000d\000\040\000I\000n\000t\000e\000r\000f\000a\000c\000e\000s}{subsection.3.2}% 21
\BOOKMARK [3][-]{lstlisting.2}{\376\377\000D\000e\000s\000i\000g\000n\000\040\000D\000e\000t\000a\000i\000l\000s}{subsection.3.2}% 22
\BOOKMARK [3][-]{subsubsection.3.2.4}{\376\377\000A\000l\000g\000o\000r\000i\000t\000h\000m\000s}{subsection.3.2}% 23
\BOOKMARK [2][-]{subsection.3.3}{\376\377\000F\000u\000t\000u\000r\000e\000\040\000C\000U\000D\000A\000\040\000A\000c\000c\000e\000l\000e\000r\000a\000t\000o\000r\000\040\000\050\000N\000o\000t\000\040\000P\000a\000r\000t\000\040\000o\000f\000\040\000I\000n\000i\000t\000i\000a\000l\000\040\000I\000m\000p\000l\000e\000m\000e\000n\000t\000a\000t\000i\000o\000n\000\051}{section.3}% 24
\BOOKMARK [3][-]{subsubsection.3.3.1}{\376\377\000F\000u\000t\000u\000r\000e\000\040\000R\000e\000s\000p\000o\000n\000s\000i\000b\000i\000l\000i\000t\000i\000e\000s}{subsection.3.3}% 25
\BOOKMARK [3][-]{subsubsection.3.3.2}{\376\377\000P\000l\000a\000n\000n\000e\000d\000\040\000C\000l\000a\000s\000s\000e\000s\000\040\000a\000n\000d\000\040\000I\000n\000t\000e\000r\000f\000a\000c\000e\000s}{subsection.3.3}% 26
\BOOKMARK [3][-]{lstlisting.3}{\376\377\000P\000l\000a\000n\000n\000e\000d\000\040\000D\000e\000s\000i\000g\000n\000\040\000D\000e\000t\000a\000i\000l\000s\000\040\000\050\000F\000u\000t\000u\000r\000e\000\040\000I\000m\000p\000l\000e\000m\000e\000n\000t\000a\000t\000i\000o\000n\000\051}{subsection.3.3}% 27
\BOOKMARK [3][-]{subsubsection.3.3.4}{\376\377\000P\000l\000a\000n\000n\000e\000d\000\040\000C\000U\000D\000A\000\040\000M\000e\000m\000o\000r\000y\000\040\000M\000a\000n\000a\000g\000e\000m\000e\000n\000t}{subsection.3.3}% 28
\BOOKMARK [2][-]{subsection.3.4}{\376\377\000V\000i\000s\000u\000a\000l\000i\000z\000a\000t\000i\000o\000n\000\040\000E\000n\000g\000i\000n\000e}{section.3}% 29
\BOOKMARK [3][-]{subsubsection.3.4.1}{\376\377\000R\000e\000s\000p\000o\000n\000s\000i\000b\000i\000l\000i\000t\000i\000e\000s}{subsection.3.4}% 30
\BOOKMARK [3][-]{subsubsection.3.4.2}{\376\377\000C\000l\000a\000s\000s\000e\000s\000\040\000a\000n\000d\000\040\000I\000n\000t\000e\000r\000f\000a\000c\000e\000s}{subsection.3.4}% 31
\BOOKMARK [3][-]{subsubsection.3.4.3}{\376\377\000D\000e\000s\000i\000g\000n\000\040\000D\000e\000t\000a\000i\000l\000s}{subsection.3.4}% 32
\BOOKMARK [2][-]{subsection.3.5}{\376\377\000D\000a\000t\000a\000\040\000M\000a\000n\000a\000g\000e\000r}{section.3}% 33
\BOOKMARK [3][-]{subsubsection.3.5.1}{\376\377\000R\000e\000s\000p\000o\000n\000s\000i\000b\000i\000l\000i\000t\000i\000e\000s}{subsection.3.5}% 34
\BOOKMARK [3][-]{subsubsection.3.5.2}{\376\377\000C\000l\000a\000s\000s\000e\000s\000\040\000a\000n\000d\000\040\000I\000n\000t\000e\000r\000f\000a\000c\000e\000s}{subsection.3.5}% 35
\BOOKMARK [3][-]{lstlisting.5}{\376\377\000D\000e\000s\000i\000g\000n\000\040\000D\000e\000t\000a\000i\000l\000s}{subsection.3.5}% 36
\BOOKMARK [2][-]{subsection.3.6}{\376\377\000S\000y\000s\000t\000e\000m\000\040\000C\000o\000n\000t\000r\000o\000l\000l\000e\000r}{section.3}% 37
\BOOKMARK [3][-]{subsubsection.3.6.1}{\376\377\000R\000e\000s\000p\000o\000n\000s\000i\000b\000i\000l\000i\000t\000i\000e\000s}{subsection.3.6}% 38
\BOOKMARK [3][-]{subsubsection.3.6.2}{\376\377\000C\000l\000a\000s\000s\000e\000s\000\040\000a\000n\000d\000\040\000I\000n\000t\000e\000r\000f\000a\000c\000e\000s}{subsection.3.6}% 39
\BOOKMARK [3][-]{lstlisting.6}{\376\377\000D\000e\000s\000i\000g\000n\000\040\000D\000e\000t\000a\000i\000l\000s}{subsection.3.6}% 40
\BOOKMARK [1][-]{section.4}{\376\377\000D\000a\000t\000a\000\040\000S\000t\000r\000u\000c\000t\000u\000r\000e\000s\000\040\000a\000n\000d\000\040\000A\000l\000g\000o\000r\000i\000t\000h\000m\000s}{}% 41
\BOOKMARK [2][-]{subsection.4.1}{\376\377\000C\000o\000r\000e\000\040\000D\000a\000t\000a\000\040\000S\000t\000r\000u\000c\000t\000u\000r\000e\000s}{section.4}% 42
\BOOKMARK [3][-]{subsubsection.4.1.1}{\376\377\000G\000r\000a\000p\000h\000\040\000R\000e\000p\000r\000e\000s\000e\000n\000t\000a\000t\000i\000o\000n}{subsection.4.1}% 43
\BOOKMARK [3][-]{subsubsection.4.1.2}{\376\377\000S\000p\000a\000r\000r\000o\000w\000\040\000P\000o\000p\000u\000l\000a\000t\000i\000o\000n}{subsection.4.1}% 44
\BOOKMARK [3][-]{subsubsection.4.1.3}{\376\377\000V\000i\000s\000i\000t\000\040\000T\000r\000a\000c\000k\000i\000n\000g}{subsection.4.1}% 45
\BOOKMARK [2][-]{subsection.4.2}{\376\377\000K\000e\000y\000\040\000A\000l\000g\000o\000r\000i\000t\000h\000m\000s}{section.4}% 46
\BOOKMARK [3][-]{subsubsection.4.2.1}{\376\377\000S\000p\000a\000r\000r\000o\000w\000\040\000S\000e\000a\000r\000c\000h\000\040\000A\000l\000g\000o\000r\000i\000t\000h\000m}{subsection.4.2}% 47
\BOOKMARK [3][-]{subsubsection.4.2.2}{\376\377\000R\000o\000u\000t\000e\000\040\000G\000e\000n\000e\000r\000a\000t\000i\000o\000n}{subsection.4.2}% 48
\BOOKMARK [3][-]{subsubsection.4.2.3}{\376\377\000F\000i\000t\000n\000e\000s\000s\000\040\000E\000v\000a\000l\000u\000a\000t\000i\000o\000n}{subsection.4.2}% 49
\BOOKMARK [1][-]{section.5}{\376\377\000F\000u\000t\000u\000r\000e\000\040\000C\000U\000D\000A\000\040\000I\000m\000p\000l\000e\000m\000e\000n\000t\000a\000t\000i\000o\000n\000\040\000\050\000P\000l\000a\000n\000n\000e\000d\000\040\000f\000o\000r\000\040\000F\000u\000t\000u\000r\000e\000\040\000D\000e\000v\000e\000l\000o\000p\000m\000e\000n\000t\000\051}{}% 50
\BOOKMARK [2][-]{subsection.5.1}{\376\377\000P\000l\000a\000n\000n\000e\000d\000\040\000P\000a\000r\000a\000l\000l\000e\000l\000i\000z\000a\000t\000i\000o\000n\000\040\000S\000t\000r\000a\000t\000e\000g\000y}{section.5}% 51
\BOOKMARK [2][-]{subsection.5.2}{\376\377\000P\000l\000a\000n\000n\000e\000d\000\040\000M\000e\000m\000o\000r\000y\000\040\000M\000o\000d\000e\000l}{section.5}% 52
\BOOKMARK [2][-]{subsection.5.3}{\376\377\000P\000l\000a\000n\000n\000e\000d\000\040\000K\000e\000r\000n\000e\000l\000\040\000D\000e\000s\000i\000g\000n}{section.5}% 53
\BOOKMARK [3][-]{lstlisting.7}{\376\377\000F\000u\000t\000u\000r\000e\000\040\000F\000i\000t\000n\000e\000s\000s\000\040\000E\000v\000a\000l\000u\000a\000t\000i\000o\000n\000\040\000K\000e\000r\000n\000e\000l}{subsection.5.3}% 54
\BOOKMARK [3][-]{lstlisting.8}{\376\377\000F\000u\000t\000u\000r\000e\000\040\000P\000o\000s\000i\000t\000i\000o\000n\000\040\000U\000p\000d\000a\000t\000e\000\040\000K\000e\000r\000n\000e\000l}{subsection.5.3}% 55
\BOOKMARK [2][-]{subsection.5.4}{\376\377\000F\000u\000t\000u\000r\000e\000\040\000K\000e\000r\000n\000e\000l\000\040\000L\000a\000u\000n\000c\000h\000\040\000C\000o\000n\000f\000i\000g\000u\000r\000a\000t\000i\000o\000n}{section.5}% 56
\BOOKMARK [2][-]{subsection.5.5}{\376\377\000F\000u\000t\000u\000r\000e\000\040\000O\000p\000t\000i\000m\000i\000z\000a\000t\000i\000o\000n\000\040\000T\000e\000c\000h\000n\000i\000q\000u\000e\000s}{section.5}% 57
\BOOKMARK [1][-]{section.6}{\376\377\000I\000n\000t\000e\000r\000f\000a\000c\000e\000\040\000D\000e\000s\000i\000g\000n}{}% 58
\BOOKMARK [2][-]{subsection.6.1}{\376\377\000E\000x\000t\000e\000r\000n\000a\000l\000\040\000I\000n\000t\000e\000r\000f\000a\000c\000e\000s}{section.6}% 59
\BOOKMARK [3][-]{subsubsection.6.1.1}{\376\377\000C\000o\000m\000m\000a\000n\000d\000-\000L\000i\000n\000e\000\040\000I\000n\000t\000e\000r\000f\000a\000c\000e}{subsection.6.1}% 60
\BOOKMARK [3][-]{subsubsection.6.1.2}{\376\377\000F\000i\000l\000e\000\040\000I\000n\000t\000e\000r\000f\000a\000c\000e\000s}{subsection.6.1}% 61
\BOOKMARK [3][-]{subsubsection.6.1.3}{\376\377\000V\000i\000s\000u\000a\000l\000i\000z\000a\000t\000i\000o\000n\000\040\000O\000u\000t\000p\000u\000t}{subsection.6.1}% 62
\BOOKMARK [2][-]{subsection.6.2}{\376\377\000I\000n\000t\000e\000r\000n\000a\000l\000\040\000I\000n\000t\000e\000r\000f\000a\000c\000e\000s}{section.6}% 63
\BOOKMARK [3][-]{subsubsection.6.2.1}{\376\377\000C\000o\000m\000p\000o\000n\000e\000n\000t\000\040\000I\000n\000t\000e\000r\000f\000a\000c\000e\000s}{subsection.6.2}% 64
\BOOKMARK [1][-]{section.7}{\376\377\000P\000e\000r\000f\000o\000r\000m\000a\000n\000c\000e\000\040\000O\000p\000t\000i\000m\000i\000z\000a\000t\000i\000o\000n}{}% 65
\BOOKMARK [2][-]{subsection.7.1}{\376\377\000A\000l\000g\000o\000r\000i\000t\000h\000m\000i\000c\000\040\000O\000p\000t\000i\000m\000i\000z\000a\000t\000i\000o\000n\000s}{section.7}% 66
\BOOKMARK [3][-]{subsubsection.7.1.1}{\376\377\000S\000e\000a\000r\000c\000h\000\040\000S\000p\000a\000c\000e\000\040\000P\000r\000u\000n\000i\000n\000g}{subsection.7.1}% 67
\BOOKMARK [3][-]{subsubsection.7.1.2}{\376\377\000M\000e\000m\000o\000r\000y\000\040\000O\000p\000t\000i\000m\000i\000z\000a\000t\000i\000o\000n\000s}{subsection.7.1}% 68
\BOOKMARK [2][-]{subsection.7.2}{\376\377\000F\000u\000t\000u\000r\000e\000\040\000C\000U\000D\000A\000\040\000O\000p\000t\000i\000m\000i\000z\000a\000t\000i\000o\000n\000s\000\040\000\050\000F\000o\000r\000\040\000P\000l\000a\000n\000n\000e\000d\000\040\000F\000u\000t\000u\000r\000e\000\040\000E\000n\000h\000a\000n\000c\000e\000m\000e\000n\000t\000\051}{section.7}% 69
\BOOKMARK [3][-]{subsubsection.7.2.1}{\376\377\000F\000u\000t\000u\000r\000e\000\040\000K\000e\000r\000n\000e\000l\000\040\000O\000p\000t\000i\000m\000i\000z\000a\000t\000i\000o\000n}{subsection.7.2}% 70
\BOOKMARK [3][-]{subsubsection.7.2.2}{\376\377\000F\000u\000t\000u\000r\000e\000\040\000M\000e\000m\000o\000r\000y\000\040\000T\000r\000a\000n\000s\000f\000e\000r\000\040\000O\000p\000t\000i\000m\000i\000z\000a\000t\000i\000o\000n}{subsection.7.2}% 71
\BOOKMARK [2][-]{subsection.7.3}{\376\377\000P\000i\000p\000e\000l\000i\000n\000e\000\040\000O\000p\000t\000i\000m\000i\000z\000a\000t\000i\000o\000n}{section.7}% 72
\BOOKMARK [1][-]{section.8}{\376\377\000I\000m\000p\000l\000e\000m\000e\000n\000t\000a\000t\000i\000o\000n\000\040\000C\000o\000n\000s\000i\000d\000e\000r\000a\000t\000i\000o\000n\000s}{}% 73
\BOOKMARK [2][-]{subsection.8.1}{\376\377\000D\000e\000v\000e\000l\000o\000p\000m\000e\000n\000t\000\040\000E\000n\000v\000i\000r\000o\000n\000m\000e\000n\000t}{section.8}% 74
\BOOKMARK [2][-]{subsection.8.2}{\376\377\000B\000u\000i\000l\000d\000\040\000C\000o\000n\000f\000i\000g\000u\000r\000a\000t\000i\000o\000n}{section.8}% 75
\BOOKMARK [2][-]{subsection.8.3}{\376\377\000T\000e\000s\000t\000i\000n\000g\000\040\000S\000t\000r\000a\000t\000e\000g\000y}{section.8}% 76
\BOOKMARK [2][-]{subsection.8.4}{\376\377\000D\000e\000p\000l\000o\000y\000m\000e\000n\000t\000\040\000C\000o\000n\000s\000i\000d\000e\000r\000a\000t\000i\000o\000n\000s}{section.8}% 77
\BOOKMARK [1][-]{section.9}{\376\377\000A\000p\000p\000e\000n\000d\000i\000c\000e\000s}{}% 78
\BOOKMARK [2][-]{subsection.9.1}{\376\377\000A\000p\000p\000e\000n\000d\000i\000x\000\040\000A\000:\000\040\000D\000e\000v\000e\000l\000o\000p\000m\000e\000n\000t\000\040\000S\000c\000h\000e\000d\000u\000l\000e}{section.9}% 79
\BOOKMARK [2][-]{subsection.9.2}{\376\377\000A\000p\000p\000e\000n\000d\000i\000x\000\040\000B\000:\000\040\000F\000u\000r\000t\000h\000e\000r\000\040\000O\000p\000t\000i\000m\000i\000z\000a\000t\000i\000o\000n\000\040\000O\000p\000p\000o\000r\000t\000u\000n\000i\000t\000i\000e\000s}{section.9}% 80
\BOOKMARK [2][-]{subsection.9.3}{\376\377\000A\000p\000p\000e\000n\000d\000i\000x\000\040\000C\000:\000\040\000A\000l\000g\000o\000r\000i\000t\000h\000m\000\040\000P\000a\000r\000a\000m\000e\000t\000e\000r\000s}{section.9}% 81
